This is pdfTeX, Version 3.14159265-2.6-1.40.20 (TeX Live 2019/Debian) (preloaded format=pdflatex 2020.10.5)  18 OCT 2021 21:15
entering extended mode
 restricted \write18 enabled.
 %&-line parsing enabled.
**Documentation.tex
(./Documentation.tex
LaTeX2e <2020-02-02> patch level 2
L3 programming layer <2020-02-14>
(/usr/share/texlive/texmf-dist/tex/latex/base/article.cls
Document Class: article 2019/12/20 v1.4l Standard LaTeX document class
(/usr/share/texlive/texmf-dist/tex/latex/base/size12.clo
File: size12.clo 2019/12/20 v1.4l Standard LaTeX file (size option)
)
\c@part=\count167
\c@section=\count168
\c@subsection=\count169
\c@subsubsection=\count170
\c@paragraph=\count171
\c@subparagraph=\count172
\c@figure=\count173
\c@table=\count174
\abovecaptionskip=\skip47
\belowcaptionskip=\skip48
\bibindent=\dimen134
)
(/usr/share/texlive/texmf-dist/tex/latex/natbib/natbib.sty
Package: natbib 2010/09/13 8.31b (PWD, AO)
\bibhang=\skip49
\bibsep=\skip50
LaTeX Info: Redefining \cite on input line 694.
\c@NAT@ctr=\count175
)
(/usr/share/texlive/texmf-dist/tex/latex/l3backend/l3backend-pdfmode.def
File: l3backend-pdfmode.def 2020-02-03 L3 backend support: PDF mode
\l__kernel_color_stack_int=\count176
\l__pdf_internal_box=\box45
)
(./Documentation.aux)
\openout1 = `Documentation.aux'.

LaTeX Font Info:    Checking defaults for OML/cmm/m/it on input line 3.
LaTeX Font Info:    ... okay on input line 3.
LaTeX Font Info:    Checking defaults for OMS/cmsy/m/n on input line 3.
LaTeX Font Info:    ... okay on input line 3.
LaTeX Font Info:    Checking defaults for OT1/cmr/m/n on input line 3.
LaTeX Font Info:    ... okay on input line 3.
LaTeX Font Info:    Checking defaults for T1/cmr/m/n on input line 3.
LaTeX Font Info:    ... okay on input line 3.
LaTeX Font Info:    Checking defaults for TS1/cmr/m/n on input line 3.
LaTeX Font Info:    ... okay on input line 3.
LaTeX Font Info:    Checking defaults for OMX/cmex/m/n on input line 3.
LaTeX Font Info:    ... okay on input line 3.
LaTeX Font Info:    Checking defaults for U/cmr/m/n on input line 3.
LaTeX Font Info:    ... okay on input line 3.
LaTeX Font Info:    External font `cmex10' loaded for size
(Font)              <14.4> on input line 7.
LaTeX Font Info:    External font `cmex10' loaded for size
(Font)              <7> on input line 7.


Package natbib Warning: Citation `Moltemplate' on page 1 undefined on input lin
e 11.


Package natbib Warning: Citation `INSANE' on page 1 undefined on input line 11.



Underfull \hbox (badness 10000) in paragraph at lines 18--26

 []

[1

{/var/lib/texmf/fonts/map/pdftex/updmap/pdftex.map}]
Overfull \hbox (15.5319pt too wide) in paragraph at lines 36--37
[]\OT1/cmr/m/n/12 https://cedric.bouysset.net/blog/2020/06/18/gsoc-rdkit-to-uni
verse - Rd-
 []


Overfull \hbox (2.83759pt too wide) in paragraph at lines 38--39
[]\OT1/cmr/m/n/12 https://www.sciencedirect.com/science/article/pii/S0022283621
000358
 []


Overfull \hbox (15.69301pt too wide) in paragraph at lines 42--43
[]\OT1/cmr/m/n/12 https://pubs.acs.org/doi/abs/10.1021/jacs.6b11717 - Het-ero-j
unc-tion mor-
 []


Overfull \hbox (59.88977pt too wide) in paragraph at lines 46--47
[]\OT1/cmr/m/n/12 https://chemrxiv.org/engage/chemrxiv/article-details/60f3ea06
2b910135237380eb
 []


Overfull \hbox (8.05559pt too wide) in paragraph at lines 48--49
[]\OT1/cmr/m/n/12 https://cedric.bouysset.net/blog/2020/08/07/rdkit-interoperab
ility - In-
 []

[2] (./Documentation.bbl)

Package natbib Warning: There were undefined citations.

[3] (./Documentation.aux) ) 
Here is how much of TeX's memory you used:
 726 strings out of 481239
 10573 string characters out of 5920377
 245013 words of memory out of 5000000
 16062 multiletter control sequences out of 15000+600000
 535445 words of font info for 34 fonts, out of 8000000 for 9000
 1141 hyphenation exceptions out of 8191
 24i,6n,30p,497b,187s stack positions out of 5000i,500n,10000p,200000b,80000s
{/usr/share/texmf/fonts/enc/dvips/cm-super/cm-super-
ts1.enc}</usr/share/texlive/texmf-dist/fonts/type1/public/amsfonts/cm/cmbx12.pf
b></usr/share/texlive/texmf-dist/fonts/type1/public/amsfonts/cm/cmr12.pfb></usr
/share/texlive/texmf-dist/fonts/type1/public/amsfonts/cm/cmr17.pfb></usr/share/
texlive/texmf-dist/fonts/type1/public/amsfonts/cm/cmti12.pfb></usr/share/texmf/
fonts/type1/public/cm-super/sfrm1200.pfb>
Output written on Documentation.pdf (3 pages, 65668 bytes).
PDF statistics:
 35 PDF objects out of 1000 (max. 8388607)
 24 compressed objects within 1 object stream
 0 named destinations out of 1000 (max. 500000)
 1 words of extra memory for PDF output out of 10000 (max. 10000000)

