This is pdfTeX, Version 3.14159265-2.6-1.40.20 (TeX Live 2019/Debian) (preloaded format=pdflatex 2021.11.5)  14 MAR 2022 12:09
entering extended mode
 restricted \write18 enabled.
 %&-line parsing enabled.
**achemso-demo.tex
(./achemso-demo.tex
LaTeX2e <2020-02-02> patch level 2
L3 programming layer <2020-02-14>
(/usr/share/texlive/texmf-dist/tex/latex/achemso/achemso.cls
Document Class: achemso 2019-02-14 v3.12a Submission to ACS journals
(/usr/share/texlive/texmf-dist/tex/latex/base/article.cls
Document Class: article 2019/12/20 v1.4l Standard LaTeX document class
(/usr/share/texlive/texmf-dist/tex/latex/base/size12.clo
File: size12.clo 2019/12/20 v1.4l Standard LaTeX file (size option)
)
\c@part=\count167
\c@section=\count168
\c@subsection=\count169
\c@subsubsection=\count170
\c@paragraph=\count171
\c@subparagraph=\count172
\c@figure=\count173
\c@table=\count174
\abovecaptionskip=\skip47
\belowcaptionskip=\skip48
\bibindent=\dimen134
)
(/usr/share/texlive/texmf-dist/tex/latex/xkeyval/xkeyval.sty
Package: xkeyval 2014/12/03 v2.7a package option processing (HA)

(/usr/share/texlive/texmf-dist/tex/generic/xkeyval/xkeyval.tex
(/usr/share/texlive/texmf-dist/tex/generic/xkeyval/xkvutils.tex
\XKV@toks=\toks14
\XKV@tempa@toks=\toks15

(/usr/share/texlive/texmf-dist/tex/generic/xkeyval/keyval.tex))
\XKV@depth=\count175
File: xkeyval.tex 2014/12/03 v2.7a key=value parser (HA)
))
\acs@bib@file=\write3
\c@bibnote=\count176

(/usr/share/texlive/texmf-dist/tex/latex/geometry/geometry.sty
Package: geometry 2020/01/02 v5.9 Page Geometry

(/usr/share/texlive/texmf-dist/tex/generic/iftex/ifvtex.sty
Package: ifvtex 2019/10/25 v1.7 ifvtex legacy package. Use iftex instead.

(/usr/share/texlive/texmf-dist/tex/generic/iftex/iftex.sty
Package: iftex 2019/11/07 v1.0c TeX engine tests
))
\Gm@cnth=\count177
\Gm@cntv=\count178
\c@Gm@tempcnt=\count179
\Gm@bindingoffset=\dimen135
\Gm@wd@mp=\dimen136
\Gm@odd@mp=\dimen137
\Gm@even@mp=\dimen138
\Gm@layoutwidth=\dimen139
\Gm@layoutheight=\dimen140
\Gm@layouthoffset=\dimen141
\Gm@layoutvoffset=\dimen142
\Gm@dimlist=\toks16
)
(/usr/share/texlive/texmf-dist/tex/latex/caption/caption.sty
Package: caption 2020/01/03 v3.4h Customizing captions (AR)

(/usr/share/texlive/texmf-dist/tex/latex/caption/caption3.sty
Package: caption3 2020/01/03 v1.8h caption3 kernel (AR)
Package caption3 Info: TeX engine: e-TeX on input line 61.
\captionmargin=\dimen143
\captionmargin@=\dimen144
\captionwidth=\dimen145
\caption@tempdima=\dimen146
\caption@indent=\dimen147
\caption@parindent=\dimen148
\caption@hangindent=\dimen149
Package caption Info: Standard document class detected.
)
\c@caption@flags=\count180
\c@continuedfloat=\count181
)
(/usr/share/texlive/texmf-dist/tex/latex/float/float.sty
Package: float 2001/11/08 v1.3d Float enhancements (AL)
\c@float@type=\count182
\float@exts=\toks17
\float@box=\box45
\@float@everytoks=\toks18
\@floatcapt=\box46
)
(/usr/share/texlive/texmf-dist/tex/latex/graphics/graphicx.sty
Package: graphicx 2019/11/30 v1.2a Enhanced LaTeX Graphics (DPC,SPQR)

(/usr/share/texlive/texmf-dist/tex/latex/graphics/graphics.sty
Package: graphics 2019/11/30 v1.4a Standard LaTeX Graphics (DPC,SPQR)

(/usr/share/texlive/texmf-dist/tex/latex/graphics/trig.sty
Package: trig 2016/01/03 v1.10 sin cos tan (DPC)
)
(/usr/share/texlive/texmf-dist/tex/latex/graphics-cfg/graphics.cfg
File: graphics.cfg 2016/06/04 v1.11 sample graphics configuration
)
Package graphics Info: Driver file: pdftex.def on input line 105.

(/usr/share/texlive/texmf-dist/tex/latex/graphics-def/pdftex.def
File: pdftex.def 2018/01/08 v1.0l Graphics/color driver for pdftex
))
\Gin@req@height=\dimen150
\Gin@req@width=\dimen151
)
(/usr/share/texlive/texmf-dist/tex/latex/setspace/setspace.sty
Package: setspace 2011/12/19 v6.7a set line spacing
)
(/usr/share/texlive/texmf-dist/tex/latex/url/url.sty
\Urlmuskip=\muskip16
Package: url 2013/09/16  ver 3.4  Verb mode for urls, etc.
)
\acs@author@cnt=\count183
\acs@affil@cnt=\count184
\acs@affil@alt@cnt=\count185
\acs@footnote@cnt=\count186
\acs@affil@marker@cnt=\count187
\acs@space@pre@title=\skip49
\acs@space@post@title=\skip50
\acs@space@post@author=\skip51
\acs@space@post@address=\skip52
\acs@space@post@email=\skip53
\acs@maketitle@width=\skip54
\@float@every@scheme=\toks19
\c@scheme=\count188
\@float@every@chart=\toks20
\c@chart=\count189
\@float@every@graph=\toks21
\c@graph=\count190
\@float@every@table=\toks22
\acs@collect@toks=\toks23
\acs@collect@empty@toks=\toks24
\acs@tocentry@height=\skip55
\acs@tocentry@width=\skip56

(/usr/share/texlive/texmf-dist/tex/latex/achemso/achemso-jacsat.cfg
File: achemso-jacsat.cfg 2019-02-14 v3.12a achemso configuration: J. Am. Chem. 
Soc.
)
(/usr/share/texlive/texmf-dist/tex/latex/natbib/natbib.sty
Package: natbib 2010/09/13 8.31b (PWD, AO)
\bibhang=\skip57
\bibsep=\skip58
LaTeX Info: Redefining \cite on input line 694.
\c@NAT@ctr=\count191
)
(/usr/share/texlive/texmf-dist/tex/latex/achemso/natmove.sty
Package: natmove 2010/01/15 v1.1a Automatic citation moving with natbib
)
(/usr/share/texlive/texmf-dist/tex/latex/mciteplus/mciteplus.sty
Package: mciteplus 2013/09/13 v1.2 enhanced mcite
\@mcitetmptoksA=\toks25
\@mcitetmpdima=\dimen152
\@mcitetmpdimb=\dimen153
\@mcitetmpcnta=\count192
\@mcitetmpcntb=\count193
\c@mcitebibitemcount=\count194
\c@mcitesubitemcount=\count195

** mciteplus: Detected natbib.sty. Invoking hooks.
)) (/usr/share/texlive/texmf-dist/tex/latex/mhchem/mhchem.sty
Package: mhchem 2018/06/22 v4.08 for typesetting chemical formulae

(/usr/share/texlive/texmf-dist/tex/latex/l3kernel/expl3.sty
Package: expl3 2020-02-14 L3 programming layer (loader) 

(/usr/share/texlive/texmf-dist/tex/latex/l3backend/l3backend-pdfmode.def
File: l3backend-pdfmode.def 2020-02-03 L3 backend support: PDF mode
\l__kernel_color_stack_int=\count196
\l__pdf_internal_box=\box47
))
(/usr/share/texlive/texmf-dist/tex/latex/l3packages/l3keys2e/l3keys2e.sty
Package: l3keys2e 2020-02-14 LaTeX2e option processing using LaTeX3 keys
)
(/usr/share/texlive/texmf-dist/tex/latex/tools/calc.sty
Package: calc 2017/05/25 v4.3 Infix arithmetic (KKT,FJ)
\calc@Acount=\count197
\calc@Bcount=\count198
\calc@Adimen=\dimen154
\calc@Bdimen=\dimen155
\calc@Askip=\skip59
\calc@Bskip=\skip60
LaTeX Info: Redefining \setlength on input line 80.
LaTeX Info: Redefining \addtolength on input line 81.
\calc@Ccount=\count199
\calc@Cskip=\skip61
)
(/usr/share/texlive/texmf-dist/tex/latex/amsmath/amsmath.sty
Package: amsmath 2020/01/20 v2.17e AMS math features
\@mathmargin=\skip62

For additional information on amsmath, use the `?' option.
(/usr/share/texlive/texmf-dist/tex/latex/amsmath/amstext.sty
Package: amstext 2000/06/29 v2.01 AMS text

(/usr/share/texlive/texmf-dist/tex/latex/amsmath/amsgen.sty
File: amsgen.sty 1999/11/30 v2.0 generic functions
\@emptytoks=\toks26
\ex@=\dimen156
))
(/usr/share/texlive/texmf-dist/tex/latex/amsmath/amsbsy.sty
Package: amsbsy 1999/11/29 v1.2d Bold Symbols
\pmbraise@=\dimen157
)
(/usr/share/texlive/texmf-dist/tex/latex/amsmath/amsopn.sty
Package: amsopn 2016/03/08 v2.02 operator names
)
\inf@bad=\count266
LaTeX Info: Redefining \frac on input line 227.
\uproot@=\count267
\leftroot@=\count268
LaTeX Info: Redefining \overline on input line 389.
\classnum@=\count269
\DOTSCASE@=\count270
LaTeX Info: Redefining \ldots on input line 486.
LaTeX Info: Redefining \dots on input line 489.
LaTeX Info: Redefining \cdots on input line 610.
\Mathstrutbox@=\box48
\strutbox@=\box49
\big@size=\dimen158
LaTeX Font Info:    Redeclaring font encoding OML on input line 733.
LaTeX Font Info:    Redeclaring font encoding OMS on input line 734.
\macc@depth=\count271
\c@MaxMatrixCols=\count272
\dotsspace@=\muskip17
\c@parentequation=\count273
\dspbrk@lvl=\count274
\tag@help=\toks27
\row@=\count275
\column@=\count276
\maxfields@=\count277
\andhelp@=\toks28
\eqnshift@=\dimen159
\alignsep@=\dimen160
\tagshift@=\dimen161
\tagwidth@=\dimen162
\totwidth@=\dimen163
\lineht@=\dimen164
\@envbody=\toks29
\multlinegap=\skip63
\multlinetaggap=\skip64
\mathdisplay@stack=\toks30
LaTeX Info: Redefining \[ on input line 2859.
LaTeX Info: Redefining \] on input line 2860.
)
(/usr/share/texlive/texmf-dist/tex/latex/chemgreek/chemgreek.sty
(/usr/share/texlive/texmf-dist/tex/latex/l3packages/xparse/xparse.sty
Package: xparse 2020-02-14 L3 Experimental document command parser
\l__xparse_current_arg_int=\count278
\g__xparse_grabber_int=\count279
\l__xparse_m_args_int=\count280
\l__xparse_v_nesting_int=\count281
)
Package: chemgreek 2020/01/16 v1.1a interface for upright Greek letters for use
 in chemistry (CN)
\l__chemgreek_tmpa_int=\count282
\g__chemgreek_tmpa_int=\count283
)
\l__mhchem_ce_distanceFromLastComma_int=\count284
\__mhchem_arrow_extPgfLength_skip=\skip65
\mhchem@minispace@tmp=\skip66
\mhchem@minibackspace@tmp=\skip67
\mhchem@bondwidth=\skip68
\mhchem@bondheight=\skip69
\mhchem@smallbondwidth@tmpA=\skip70
\mhchem@smallbondwidth@tmpB=\skip71
\mhchem@smallbondwidth=\skip72
\mhchem@bondtmp@minussidebearingleft=\skip73
\mhchem@bondtmp@minussidebearingright=\skip74
\l__mhchem_option_version_int=\count285
\mhchem@option@minusmathsidebearingleft=\dimen165
\mhchem@option@minusmathsidebearingright=\dimen166
\mhchem@option@minustextsidebearingleft=\dimen167
\mhchem@option@minustextsidebearingright=\dimen168
)
No file achemso-demo.aux.
\openout1 = `achemso-demo.aux'.

LaTeX Font Info:    Checking defaults for OML/cmm/m/it on input line 96.
LaTeX Font Info:    ... okay on input line 96.
LaTeX Font Info:    Checking defaults for OMS/cmsy/m/n on input line 96.
LaTeX Font Info:    ... okay on input line 96.
LaTeX Font Info:    Checking defaults for OT1/cmr/m/n on input line 96.
LaTeX Font Info:    ... okay on input line 96.
LaTeX Font Info:    Checking defaults for T1/cmr/m/n on input line 96.
LaTeX Font Info:    ... okay on input line 96.
LaTeX Font Info:    Checking defaults for TS1/cmr/m/n on input line 96.
LaTeX Font Info:    ... okay on input line 96.
LaTeX Font Info:    Checking defaults for OMX/cmex/m/n on input line 96.
LaTeX Font Info:    ... okay on input line 96.
LaTeX Font Info:    Checking defaults for U/cmr/m/n on input line 96.
LaTeX Font Info:    ... okay on input line 96.
\openout3 = `acs-achemso-demo.bib'.

*geometry* driver: auto-detecting
*geometry* detected driver: pdftex
*geometry* verbose mode - [ preamble ] result:
* driver: pdftex
* paper: <default>
* layout: <same size as paper>
* layoutoffset:(h,v)=(0.0pt,0.0pt)
* modes: 
* h-part:(L,W,R)=(72.2698pt, 469.75539pt, 72.2698pt)
* v-part:(T,H,B)=(72.2698pt, 650.43037pt, 72.2698pt)
* \paperwidth=614.295pt
* \paperheight=794.96999pt
* \textwidth=469.75539pt
* \textheight=650.43037pt
* \oddsidemargin=-0.00018pt
* \evensidemargin=-0.00018pt
* \topmargin=-37.00018pt
* \headheight=12.0pt
* \headsep=25.0pt
* \topskip=12.0pt
* \footskip=30.0pt
* \marginparwidth=44.0pt
* \marginparsep=10.0pt
* \columnsep=10.0pt
* \skip\footins=10.8pt plus 4.0pt minus 2.0pt
* \hoffset=0.0pt
* \voffset=0.0pt
* \mag=1000
* \@twocolumnfalse
* \@twosidefalse
* \@mparswitchfalse
* \@reversemarginfalse
* (1in=72.27pt=25.4mm, 1cm=28.453pt)

Package caption Info: Begin \AtBeginDocument code.
Package caption Info: float package is loaded.
Package caption Info: End \AtBeginDocument code.
(/usr/share/texlive/texmf-dist/tex/context/base/mkii/supp-pdf.mkii
[Loading MPS to PDF converter (version 2006.09.02).]
\scratchcounter=\count286
\scratchdimen=\dimen169
\scratchbox=\box50
\nofMPsegments=\count287
\nofMParguments=\count288
\everyMPshowfont=\toks31
\MPscratchCnt=\count289
\MPscratchDim=\dimen170
\MPnumerator=\count290
\makeMPintoPDFobject=\count291
\everyMPtoPDFconversion=\toks32
) (/usr/share/texlive/texmf-dist/tex/latex/epstopdf-pkg/epstopdf-base.sty
Package: epstopdf-base 2020-01-24 v2.11 Base part for package epstopdf
Package epstopdf-base Info: Redefining graphics rule for `.eps' on input line 4
85.

(/usr/share/texlive/texmf-dist/tex/latex/latexconfig/epstopdf-sys.cfg
File: epstopdf-sys.cfg 2010/07/13 v1.3 Configuration of (r)epstopdf for TeX Liv
e
))

Package chemgreek Info: Activating mapping `default' on line 96.


[1

{/var/lib/texmf/fonts/map/pdftex/updmap/pdftex.map}]

Package natbib Warning: Citation `Mena2000' on page 2 undefined on input line 1
69.


Package natbib Warning: Citation `Abernethy2003' on page 2 undefined on input l
ine 169.


Package natbib Warning: Citation `Friedman-Hill2003' on page 2 undefined on inp
ut line 169.


Package natbib Warning: Citation `EuropeanCommission2008' on page 2 undefined o
n input line 169.


Package natbib Warning: Citation `Abernethy2003' on page 2 undefined on input l
ine 171.


Package natbib Warning: Citation `Cotton1999' on page 2 undefined on input line
 172.


Package natbib Warning: Citation `Mena2000' on page 2 undefined on input line 1
73.


Package natbib Warning: Citation `Pople2003' on page 2 undefined on input line 
175.

LaTeX Font Info:    Trying to load font information for OMS+cmtt on input line 
180.
(/usr/share/texmf/tex/latex/R/tex/latex/omscmtt.fd
File: omscmtt.fd 
)
LaTeX Font Info:    Font shape `OMS/cmtt/m/n' in size <12> not available
(Font)              Font shape `OMS/cmsy/m/n' tried instead on input line 180.


Package natbib Warning: Citation `Johnson1972' on page 2 undefined on input lin
e 184.


LaTeX Warning: Reference `MciteSubReferenceLabel:main:Eisenstein2005' on page 2
 undefined on input line 190.

[2]

Package natbib Warning: Citation `Note-1' on page 3 undefined on input line 195
.


Package natbib Warning: Citation `Cotton1999' undefined on input line 199.


Package natbib Warning: Citation `Note-2' on page 3 undefined on input line 199
.


LaTeX Warning: Reference `sch:example' on page 3 undefined on input line 204.

[3]

LaTeX Warning: Reference `eqn:example' on page 4 undefined on input line 245.


LaTeX Warning: Reference `tbl:example' on page 4 undefined on input line 266.


LaTeX Warning: Reference `tbl:notes' on page 4 undefined on input line 286.

[4] [5]
No file achemso-demo.bbl.

Package natbib Warning: There were undefined citations.

[6]
LaTeX Font Info:    Font shape `OT1/cmss/m/it' in size <12> not available
(Font)              Font shape `OT1/cmss/m/sl' tried instead on input line 370.


Overfull \vbox (97.24867pt too high) detected at line 370
 []

[7] (./achemso-demo.aux)

LaTeX Warning: There were undefined references.


LaTeX Warning: Label(s) may have changed. Rerun to get cross-references right.

 ) 
Here is how much of TeX's memory you used:
 6235 strings out of 481239
 106825 string characters out of 5920377
 373602 words of memory out of 5000000
 21426 multiletter control sequences out of 15000+600000
 545724 words of font info for 71 fonts, out of 8000000 for 9000
 1141 hyphenation exceptions out of 8191
 63i,13n,100p,342b,459s stack positions out of 5000i,500n,10000p,200000b,80000s
</usr/share/texlive/texmf-dist/fonts/type1/public/amsfonts/cm/cmbx10.pfb></us
r/share/texlive/texmf-dist/fonts/type1/public/amsfonts/cm/cmbx12.pfb></usr/shar
e/texlive/texmf-dist/fonts/type1/public/amsfonts/cm/cmbx8.pfb></usr/share/texli
ve/texmf-dist/fonts/type1/public/amsfonts/cm/cmcsc10.pfb></usr/share/texlive/te
xmf-dist/fonts/type1/public/amsfonts/cm/cmitt10.pfb></usr/share/texlive/texmf-d
ist/fonts/type1/public/amsfonts/cm/cmmi10.pfb></usr/share/texlive/texmf-dist/fo
nts/type1/public/amsfonts/cm/cmmi12.pfb></usr/share/texlive/texmf-dist/fonts/ty
pe1/public/amsfonts/cm/cmr10.pfb></usr/share/texlive/texmf-dist/fonts/type1/pub
lic/amsfonts/cm/cmr12.pfb></usr/share/texlive/texmf-dist/fonts/type1/public/ams
fonts/cm/cmr8.pfb></usr/share/texlive/texmf-dist/fonts/type1/public/amsfonts/cm
/cmss10.pfb></usr/share/texlive/texmf-dist/fonts/type1/public/amsfonts/cm/cmss1
2.pfb></usr/share/texlive/texmf-dist/fonts/type1/public/amsfonts/cm/cmssbx10.pf
b></usr/share/texlive/texmf-dist/fonts/type1/public/amsfonts/cm/cmssi12.pfb></u
sr/share/texlive/texmf-dist/fonts/type1/public/amsfonts/cm/cmsy10.pfb></usr/sha
re/texlive/texmf-dist/fonts/type1/public/amsfonts/cm/cmsy7.pfb></usr/share/texl
ive/texmf-dist/fonts/type1/public/amsfonts/cm/cmti12.pfb></usr/share/texlive/te
xmf-dist/fonts/type1/public/amsfonts/cm/cmti8.pfb></usr/share/texlive/texmf-dis
t/fonts/type1/public/amsfonts/cm/cmtt10.pfb></usr/share/texlive/texmf-dist/font
s/type1/public/amsfonts/cm/cmtt12.pfb>
Output written on achemso-demo.pdf (7 pages, 213250 bytes).
PDF statistics:
 108 PDF objects out of 1000 (max. 8388607)
 78 compressed objects within 1 object stream
 0 named destinations out of 1000 (max. 500000)
 1 words of extra memory for PDF output out of 10000 (max. 10000000)

